[debug] [2019-12-18T14:36:22.705Z] ----------------------------------------------------------------------
[debug] [2019-12-18T14:36:22.708Z] Command:       C:\Program Files\nodejs\node.exe C:\Users\1998c\AppData\Roaming\npm\node_modules\firebase-tools\lib\bin\firebase.js init
[debug] [2019-12-18T14:36:22.709Z] CLI Version:   7.10.0
[debug] [2019-12-18T14:36:22.709Z] Platform:      win32
[debug] [2019-12-18T14:36:22.709Z] Node Version:  v10.16.0
[debug] [2019-12-18T14:36:22.710Z] Time:          Wed Dec 18 2019 22:36:22 GMT+0800 (Malaysia Time)
[debug] [2019-12-18T14:36:22.710Z] ----------------------------------------------------------------------
[debug] [2019-12-18T14:36:22.710Z] 
[debug] [2019-12-18T14:36:22.735Z] > command requires scopes: ["email","openid","https://www.googleapis.com/auth/cloudplatformprojects.readonly","https://www.googleapis.com/auth/firebase","https://www.googleapis.com/auth/cloud-platform"]
[debug] [2019-12-18T14:36:22.736Z] > authorizing via signed-in user
[info] 
     ######## #### ########  ######## ########     ###     ######  ########
     ##        ##  ##     ## ##       ##     ##  ##   ##  ##       ##
     ######    ##  ########  ######   ########  #########  ######  ######
     ##        ##  ##    ##  ##       ##     ## ##     ##       ## ##
     ##       #### ##     ## ######## ########  ##     ##  ######  ########

You're about to initialize a Firebase project in this directory:

  D:\Code\OurPromise

Before we get started, keep in mind:

  * You are initializing in an existing Firebase project directory

